Array
(
    [status] => success
    [message] => Transaction fetched successfully
    [data] => Array
        (
            [id] => 1838817870
            [tx_ref] => TKT-1752525988747
            [flw_ref] => 100033250714114546384089813375
            [device_fingerprint] => N/A
            [amount] => 20
            [currency] => NGN
            [charged_amount] => 20
            [app_fee] => 0.4
            [merchant_fee] => 0
            [processor_response] => success
            [auth_model] => AUTH
            [ip] => 102.91.104.144
            [narration] => gr hotel
            [status] => successful
            [payment_type] => bank_transfer
            [created_at] => 2025-07-14T11:45:51.000Z
            [account_id] => 3274162
            [meta] => Array
                (
                    [__CheckoutInitAddress] => http://localhost/hotel%20booking/user_dashboard.php
                    [originatorname] => DESTINY IFEANYICHUKWU SYLVESTER
                    [bankname] => 100033
                    [originatoramount] => N/A
                    [originatoraccountnumber] => 704*******87
                )

            [amount_settled] => 19.57
            [customer] => Array
                (
                    [id] => 1194237274
                    [name] => Guest 
                    [phone_number] => 08012345678
                    [email] => guest@example.com
                    [created_at] => 2025-07-14T11:19:04.000Z
                )

        )

)
